2025-08-15 15:12:31,970 - INFO - 开始文档向量化处理
2025-08-15 15:12:31,975 - ERROR - 数据库连接失败: invalid connection option "database"

Multiple connection attempts failed. All failures were:
- host: 'localhost', port: 5432, hostaddr: '::1': invalid connection option "database"

- host: 'localhost', port: 5432, hostaddr: '127.0.0.1': invalid connection option "database"

2025-08-15 15:12:31,975 - ERROR - 文档向量化处理失败
2025-08-15 15:12:47,707 - INFO - 开始文档向量化处理
2025-08-15 15:12:47,793 - INFO - 数据库连接成功
2025-08-15 15:12:47,795 - INFO - 找到 14 个文档文件
2025-08-15 15:12:47,795 - INFO - 处理文件: docs\java\controller.java.vm.md
2025-08-15 15:12:47,795 - INFO - 文件分为 12 个块
2025-08-15 15:12:47,796 - INFO - 处理块 1/12
2025-08-15 15:12:49,971 - WARNING - 向量维度不正确: 768
2025-08-15 15:12:49,972 - ERROR - 块 1 向量化失败
2025-08-15 15:12:49,972 - INFO - 处理块 2/12
2025-08-15 15:12:50,195 - WARNING - 向量维度不正确: 768
2025-08-15 15:12:50,195 - ERROR - 块 2 向量化失败
2025-08-15 15:12:50,195 - INFO - 处理块 3/12
2025-08-15 15:12:50,374 - WARNING - 向量维度不正确: 768
2025-08-15 15:12:50,375 - ERROR - 块 3 向量化失败
2025-08-15 15:12:50,376 - INFO - 处理块 4/12
2025-08-15 15:12:50,535 - WARNING - 向量维度不正确: 768
2025-08-15 15:12:50,535 - ERROR - 块 4 向量化失败
2025-08-15 15:12:50,535 - INFO - 处理块 5/12
2025-08-15 15:12:50,715 - WARNING - 向量维度不正确: 768
2025-08-15 15:12:50,715 - ERROR - 块 5 向量化失败
2025-08-15 15:12:50,715 - INFO - 处理块 6/12
2025-08-15 15:12:50,883 - WARNING - 向量维度不正确: 768
2025-08-15 15:12:50,883 - ERROR - 块 6 向量化失败
2025-08-15 15:12:50,883 - INFO - 处理块 7/12
2025-08-15 15:12:51,039 - WARNING - 向量维度不正确: 768
2025-08-15 15:12:51,039 - ERROR - 块 7 向量化失败
2025-08-15 15:12:51,039 - INFO - 处理块 8/12
2025-08-15 15:12:51,211 - WARNING - 向量维度不正确: 768
2025-08-15 15:12:51,211 - ERROR - 块 8 向量化失败
2025-08-15 15:12:51,211 - INFO - 处理块 9/12
2025-08-15 15:12:51,383 - WARNING - 向量维度不正确: 768
2025-08-15 15:12:51,383 - ERROR - 块 9 向量化失败
2025-08-15 15:12:51,384 - INFO - 处理块 10/12
2025-08-15 15:12:51,567 - WARNING - 向量维度不正确: 768
2025-08-15 15:12:51,568 - ERROR - 块 10 向量化失败
2025-08-15 15:12:51,568 - INFO - 处理块 11/12
2025-08-15 15:12:51,781 - WARNING - 向量维度不正确: 768
2025-08-15 15:12:51,782 - ERROR - 块 11 向量化失败
2025-08-15 15:12:51,782 - INFO - 处理块 12/12
2025-08-15 15:12:51,954 - WARNING - 向量维度不正确: 768
2025-08-15 15:12:51,955 - ERROR - 块 12 向量化失败
2025-08-15 15:12:51,955 - INFO - 文件处理完成: 0/12 块成功
2025-08-15 15:12:51,955 - INFO - 处理文件: docs\java\domain.java.vm.md
2025-08-15 15:12:51,956 - INFO - 文件分为 6 个块
2025-08-15 15:12:51,956 - INFO - 处理块 1/6
2025-08-15 15:12:52,274 - WARNING - 向量维度不正确: 768
2025-08-15 15:12:52,274 - ERROR - 块 1 向量化失败
2025-08-15 15:12:52,275 - INFO - 处理块 2/6
2025-08-15 15:12:52,477 - WARNING - 向量维度不正确: 768
2025-08-15 15:12:52,477 - ERROR - 块 2 向量化失败
2025-08-15 15:12:52,478 - INFO - 处理块 3/6
2025-08-15 15:12:52,660 - WARNING - 向量维度不正确: 768
2025-08-15 15:12:52,660 - ERROR - 块 3 向量化失败
2025-08-15 15:12:52,661 - INFO - 处理块 4/6
2025-08-15 15:12:52,831 - WARNING - 向量维度不正确: 768
2025-08-15 15:12:52,831 - ERROR - 块 4 向量化失败
2025-08-15 15:12:52,831 - INFO - 处理块 5/6
2025-08-15 15:12:53,044 - WARNING - 向量维度不正确: 768
2025-08-15 15:12:53,045 - ERROR - 块 5 向量化失败
2025-08-15 15:12:53,045 - INFO - 处理块 6/6
2025-08-15 15:12:53,121 - WARNING - 向量维度不正确: 768
2025-08-15 15:12:53,122 - ERROR - 块 6 向量化失败
2025-08-15 15:12:53,122 - INFO - 文件处理完成: 0/6 块成功
2025-08-15 15:12:53,122 - INFO - 处理文件: docs\java\mapper.java.vm.md
2025-08-15 15:12:53,123 - INFO - 文件分为 9 个块
2025-08-15 15:12:53,123 - INFO - 处理块 1/9
2025-08-15 15:12:53,423 - WARNING - 向量维度不正确: 768
2025-08-15 15:12:53,424 - ERROR - 块 1 向量化失败
2025-08-15 15:12:53,424 - INFO - 处理块 2/9
2025-08-15 15:12:53,670 - WARNING - 向量维度不正确: 768
2025-08-15 15:12:53,670 - ERROR - 块 2 向量化失败
2025-08-15 15:12:53,670 - INFO - 处理块 3/9
2025-08-15 15:12:53,871 - WARNING - 向量维度不正确: 768
2025-08-15 15:12:53,871 - ERROR - 块 3 向量化失败
2025-08-15 15:12:53,872 - INFO - 处理块 4/9
2025-08-15 15:12:54,046 - WARNING - 向量维度不正确: 768
2025-08-15 15:12:54,046 - ERROR - 块 4 向量化失败
2025-08-15 15:12:54,046 - INFO - 处理块 5/9
2025-08-15 15:12:54,217 - WARNING - 向量维度不正确: 768
2025-08-15 15:12:54,218 - ERROR - 块 5 向量化失败
2025-08-15 15:12:54,218 - INFO - 处理块 6/9
2025-08-15 15:12:54,399 - WARNING - 向量维度不正确: 768
2025-08-15 15:12:54,400 - ERROR - 块 6 向量化失败
2025-08-15 15:12:54,400 - INFO - 处理块 7/9
2025-08-15 15:12:54,613 - WARNING - 向量维度不正确: 768
2025-08-15 15:12:54,613 - ERROR - 块 7 向量化失败
2025-08-15 15:12:54,614 - INFO - 处理块 8/9
2025-08-15 15:12:54,835 - WARNING - 向量维度不正确: 768
2025-08-15 15:12:54,836 - ERROR - 块 8 向量化失败
2025-08-15 15:12:54,836 - INFO - 处理块 9/9
2025-08-15 15:12:55,005 - WARNING - 向量维度不正确: 768
2025-08-15 15:12:55,005 - ERROR - 块 9 向量化失败
2025-08-15 15:12:55,005 - INFO - 文件处理完成: 0/9 块成功
2025-08-15 15:12:55,005 - INFO - 处理文件: docs\java\service.java.vm.md
2025-08-15 15:12:55,006 - INFO - 文件分为 7 个块
2025-08-15 15:12:55,006 - INFO - 处理块 1/7
2025-08-15 15:12:55,316 - WARNING - 向量维度不正确: 768
2025-08-15 15:12:55,316 - ERROR - 块 1 向量化失败
2025-08-15 15:12:55,316 - INFO - 处理块 2/7
2025-08-15 15:12:55,609 - WARNING - 向量维度不正确: 768
2025-08-15 15:12:55,609 - ERROR - 块 2 向量化失败
2025-08-15 15:12:55,609 - INFO - 处理块 3/7
2025-08-15 15:12:55,833 - WARNING - 向量维度不正确: 768
2025-08-15 15:12:55,834 - ERROR - 块 3 向量化失败
2025-08-15 15:12:55,834 - INFO - 处理块 4/7
2025-08-15 15:12:55,993 - WARNING - 向量维度不正确: 768
2025-08-15 15:12:55,994 - ERROR - 块 4 向量化失败
2025-08-15 15:12:55,994 - INFO - 处理块 5/7
2025-08-15 15:12:56,154 - WARNING - 向量维度不正确: 768
2025-08-15 15:12:56,154 - ERROR - 块 5 向量化失败
2025-08-15 15:12:56,155 - INFO - 处理块 6/7
2025-08-15 15:12:56,454 - WARNING - 向量维度不正确: 768
2025-08-15 15:12:56,455 - ERROR - 块 6 向量化失败
2025-08-15 15:12:56,455 - INFO - 处理块 7/7
2025-08-15 15:12:56,623 - WARNING - 向量维度不正确: 768
2025-08-15 15:12:56,623 - ERROR - 块 7 向量化失败
2025-08-15 15:12:56,624 - INFO - 文件处理完成: 0/7 块成功
2025-08-15 15:12:56,624 - INFO - 处理文件: docs\java\serviceImpl.java.vm.md
2025-08-15 15:12:56,624 - INFO - 文件分为 17 个块
2025-08-15 15:12:56,625 - INFO - 处理块 1/17
2025-08-15 15:12:56,920 - WARNING - 向量维度不正确: 768
2025-08-15 15:12:56,921 - ERROR - 块 1 向量化失败
2025-08-15 15:12:56,921 - INFO - 处理块 2/17
2025-08-15 15:12:57,202 - WARNING - 向量维度不正确: 768
2025-08-15 15:12:57,203 - ERROR - 块 2 向量化失败
2025-08-15 15:12:57,203 - INFO - 处理块 3/17
2025-08-15 15:12:57,427 - WARNING - 向量维度不正确: 768
2025-08-15 15:12:57,428 - ERROR - 块 3 向量化失败
2025-08-15 15:12:57,428 - INFO - 处理块 4/17
2025-08-15 15:12:57,644 - WARNING - 向量维度不正确: 768
2025-08-15 15:12:57,644 - ERROR - 块 4 向量化失败
2025-08-15 15:12:57,644 - INFO - 处理块 5/17
2025-08-15 15:12:57,862 - WARNING - 向量维度不正确: 768
2025-08-15 15:12:57,862 - ERROR - 块 5 向量化失败
2025-08-15 15:12:57,863 - INFO - 处理块 6/17
2025-08-15 15:12:58,018 - WARNING - 向量维度不正确: 768
2025-08-15 15:12:58,019 - ERROR - 块 6 向量化失败
2025-08-15 15:12:58,019 - INFO - 处理块 7/17
2025-08-15 15:12:58,195 - WARNING - 向量维度不正确: 768
2025-08-15 15:12:58,196 - ERROR - 块 7 向量化失败
2025-08-15 15:12:58,196 - INFO - 处理块 8/17
2025-08-15 15:12:58,361 - WARNING - 向量维度不正确: 768
2025-08-15 15:12:58,362 - ERROR - 块 8 向量化失败
2025-08-15 15:12:58,362 - INFO - 处理块 9/17
2025-08-15 15:12:58,518 - WARNING - 向量维度不正确: 768
2025-08-15 15:12:58,519 - ERROR - 块 9 向量化失败
2025-08-15 15:12:58,519 - INFO - 处理块 10/17
2025-08-15 15:12:58,694 - WARNING - 向量维度不正确: 768
2025-08-15 15:12:58,695 - ERROR - 块 10 向量化失败
2025-08-15 15:12:58,695 - INFO - 处理块 11/17
2025-08-15 15:12:58,862 - WARNING - 向量维度不正确: 768
2025-08-15 15:12:58,863 - ERROR - 块 11 向量化失败
2025-08-15 15:12:58,863 - INFO - 处理块 12/17
2025-08-15 15:12:59,035 - WARNING - 向量维度不正确: 768
2025-08-15 15:12:59,036 - ERROR - 块 12 向量化失败
2025-08-15 15:12:59,036 - INFO - 处理块 13/17
2025-08-15 15:12:59,206 - WARNING - 向量维度不正确: 768
2025-08-15 15:12:59,207 - ERROR - 块 13 向量化失败
2025-08-15 15:12:59,208 - INFO - 处理块 14/17
2025-08-15 15:12:59,406 - WARNING - 向量维度不正确: 768
2025-08-15 15:12:59,407 - ERROR - 块 14 向量化失败
2025-08-15 15:12:59,407 - INFO - 处理块 15/17
2025-08-15 15:12:59,632 - WARNING - 向量维度不正确: 768
2025-08-15 15:12:59,633 - ERROR - 块 15 向量化失败
2025-08-15 15:12:59,633 - INFO - 处理块 16/17
2025-08-15 15:12:59,880 - WARNING - 向量维度不正确: 768
2025-08-15 15:12:59,881 - ERROR - 块 16 向量化失败
2025-08-15 15:12:59,881 - INFO - 处理块 17/17
2025-08-15 15:13:00,056 - WARNING - 向量维度不正确: 768
2025-08-15 15:13:00,057 - ERROR - 块 17 向量化失败
2025-08-15 15:13:00,057 - INFO - 文件处理完成: 0/17 块成功
2025-08-15 15:13:00,057 - INFO - 处理文件: docs\java\sub-domain.java.vm.md
2025-08-15 15:13:00,057 - INFO - 文件分为 10 个块
2025-08-15 15:13:00,058 - INFO - 处理块 1/10
2025-08-15 15:13:00,367 - WARNING - 向量维度不正确: 768
2025-08-15 15:13:00,367 - ERROR - 块 1 向量化失败
2025-08-15 15:13:00,367 - INFO - 处理块 2/10
2025-08-15 15:13:00,599 - WARNING - 向量维度不正确: 768
2025-08-15 15:13:00,600 - ERROR - 块 2 向量化失败
2025-08-15 15:13:00,600 - INFO - 处理块 3/10
2025-08-15 15:13:00,801 - WARNING - 向量维度不正确: 768
2025-08-15 15:13:00,801 - ERROR - 块 3 向量化失败
2025-08-15 15:13:00,801 - INFO - 处理块 4/10
2025-08-15 15:13:00,972 - WARNING - 向量维度不正确: 768
2025-08-15 15:13:00,973 - ERROR - 块 4 向量化失败
2025-08-15 15:13:00,973 - INFO - 处理块 5/10
2025-08-15 15:13:01,148 - WARNING - 向量维度不正确: 768
2025-08-15 15:13:01,148 - ERROR - 块 5 向量化失败
2025-08-15 15:13:01,149 - INFO - 处理块 6/10
2025-08-15 15:13:01,330 - WARNING - 向量维度不正确: 768
2025-08-15 15:13:01,330 - ERROR - 块 6 向量化失败
2025-08-15 15:13:01,331 - INFO - 处理块 7/10
2025-08-15 15:13:01,501 - WARNING - 向量维度不正确: 768
2025-08-15 15:13:01,502 - ERROR - 块 7 向量化失败
2025-08-15 15:13:01,502 - INFO - 处理块 8/10
2025-08-15 15:13:01,705 - WARNING - 向量维度不正确: 768
2025-08-15 15:13:01,705 - ERROR - 块 8 向量化失败
2025-08-15 15:13:01,706 - INFO - 处理块 9/10
2025-08-15 15:13:02,074 - WARNING - 向量维度不正确: 768
2025-08-15 15:13:02,075 - ERROR - 块 9 向量化失败
2025-08-15 15:13:02,075 - INFO - 处理块 10/10
2025-08-15 15:13:02,192 - WARNING - 向量维度不正确: 768
2025-08-15 15:13:02,192 - ERROR - 块 10 向量化失败
2025-08-15 15:13:02,192 - INFO - 文件处理完成: 0/10 块成功
2025-08-15 15:13:02,192 - INFO - 处理文件: docs\js\api.js.vm.md
2025-08-15 15:13:02,193 - INFO - 文件分为 10 个块
2025-08-15 15:13:02,193 - INFO - 处理块 1/10
2025-08-15 15:13:02,518 - WARNING - 向量维度不正确: 768
2025-08-15 15:13:02,518 - ERROR - 块 1 向量化失败
2025-08-15 15:13:02,519 - INFO - 处理块 2/10
2025-08-15 15:13:02,755 - WARNING - 向量维度不正确: 768
2025-08-15 15:13:02,755 - ERROR - 块 2 向量化失败
2025-08-15 15:13:02,756 - INFO - 处理块 3/10
2025-08-15 15:13:02,912 - WARNING - 向量维度不正确: 768
2025-08-15 15:13:02,912 - ERROR - 块 3 向量化失败
2025-08-15 15:13:02,912 - INFO - 处理块 4/10
2025-08-15 15:13:03,083 - WARNING - 向量维度不正确: 768
2025-08-15 15:13:03,084 - ERROR - 块 4 向量化失败
2025-08-15 15:13:03,084 - INFO - 处理块 5/10
2025-08-15 15:13:03,258 - WARNING - 向量维度不正确: 768
2025-08-15 15:13:03,259 - ERROR - 块 5 向量化失败
2025-08-15 15:13:03,259 - INFO - 处理块 6/10
2025-08-15 15:13:03,574 - WARNING - 向量维度不正确: 768
2025-08-15 15:13:03,574 - ERROR - 块 6 向量化失败
2025-08-15 15:13:03,575 - INFO - 处理块 7/10
2025-08-15 15:13:03,793 - WARNING - 向量维度不正确: 768
2025-08-15 15:13:03,793 - ERROR - 块 7 向量化失败
2025-08-15 15:13:03,794 - INFO - 处理块 8/10
2025-08-15 15:13:04,072 - WARNING - 向量维度不正确: 768
2025-08-15 15:13:04,072 - ERROR - 块 8 向量化失败
2025-08-15 15:13:04,072 - INFO - 处理块 9/10
2025-08-15 15:13:04,255 - WARNING - 向量维度不正确: 768
2025-08-15 15:13:04,255 - ERROR - 块 9 向量化失败
2025-08-15 15:13:04,255 - INFO - 处理块 10/10
2025-08-15 15:13:04,329 - WARNING - 向量维度不正确: 768
2025-08-15 15:13:04,329 - ERROR - 块 10 向量化失败
2025-08-15 15:13:04,330 - INFO - 文件处理完成: 0/10 块成功
2025-08-15 15:13:04,330 - INFO - 处理文件: docs\sql\sql.vm.md
2025-08-15 15:13:04,330 - INFO - 文件分为 14 个块
2025-08-15 15:13:04,331 - INFO - 处理块 1/14
2025-08-15 15:13:04,636 - WARNING - 向量维度不正确: 768
2025-08-15 15:13:04,637 - ERROR - 块 1 向量化失败
2025-08-15 15:13:04,637 - INFO - 处理块 2/14
2025-08-15 15:13:04,919 - WARNING - 向量维度不正确: 768
2025-08-15 15:13:04,919 - ERROR - 块 2 向量化失败
2025-08-15 15:13:04,920 - INFO - 处理块 3/14
2025-08-15 15:13:05,148 - WARNING - 向量维度不正确: 768
2025-08-15 15:13:05,148 - ERROR - 块 3 向量化失败
2025-08-15 15:13:05,148 - INFO - 处理块 4/14
2025-08-15 15:13:05,373 - WARNING - 向量维度不正确: 768
2025-08-15 15:13:05,373 - ERROR - 块 4 向量化失败
2025-08-15 15:13:05,373 - INFO - 处理块 5/14
2025-08-15 15:13:05,597 - WARNING - 向量维度不正确: 768
2025-08-15 15:13:05,598 - ERROR - 块 5 向量化失败
2025-08-15 15:13:05,598 - INFO - 处理块 6/14
2025-08-15 15:13:05,809 - WARNING - 向量维度不正确: 768
2025-08-15 15:13:05,809 - ERROR - 块 6 向量化失败
2025-08-15 15:13:05,810 - INFO - 处理块 7/14
2025-08-15 15:13:06,041 - WARNING - 向量维度不正确: 768
2025-08-15 15:13:06,042 - ERROR - 块 7 向量化失败
2025-08-15 15:13:06,042 - INFO - 处理块 8/14
2025-08-15 15:13:06,263 - WARNING - 向量维度不正确: 768
2025-08-15 15:13:06,264 - ERROR - 块 8 向量化失败
2025-08-15 15:13:06,264 - INFO - 处理块 9/14
2025-08-15 15:13:06,521 - WARNING - 向量维度不正确: 768
2025-08-15 15:13:06,521 - ERROR - 块 9 向量化失败
2025-08-15 15:13:06,521 - INFO - 处理块 10/14
2025-08-15 15:13:06,835 - WARNING - 向量维度不正确: 768
2025-08-15 15:13:06,835 - ERROR - 块 10 向量化失败
2025-08-15 15:13:06,835 - INFO - 处理块 11/14
2025-08-15 15:13:07,158 - WARNING - 向量维度不正确: 768
2025-08-15 15:13:07,158 - ERROR - 块 11 向量化失败
2025-08-15 15:13:07,159 - INFO - 处理块 12/14
2025-08-15 15:13:07,438 - WARNING - 向量维度不正确: 768
2025-08-15 15:13:07,439 - ERROR - 块 12 向量化失败
2025-08-15 15:13:07,439 - INFO - 处理块 13/14
2025-08-15 15:13:07,661 - WARNING - 向量维度不正确: 768
2025-08-15 15:13:07,661 - ERROR - 块 13 向量化失败
2025-08-15 15:13:07,661 - INFO - 处理块 14/14
2025-08-15 15:13:07,762 - WARNING - 向量维度不正确: 768
2025-08-15 15:13:07,762 - ERROR - 块 14 向量化失败
2025-08-15 15:13:07,762 - INFO - 文件处理完成: 0/14 块成功
2025-08-15 15:13:07,762 - INFO - 处理文件: docs\vue\index-tree.vue.vm.md
2025-08-15 15:13:07,763 - INFO - 文件分为 4 个块
2025-08-15 15:13:07,763 - INFO - 处理块 1/4
2025-08-15 15:13:08,076 - WARNING - 向量维度不正确: 768
2025-08-15 15:13:08,077 - ERROR - 块 1 向量化失败
2025-08-15 15:13:08,077 - INFO - 处理块 2/4
2025-08-15 15:13:08,352 - WARNING - 向量维度不正确: 768
2025-08-15 15:13:08,352 - ERROR - 块 2 向量化失败
2025-08-15 15:13:08,353 - INFO - 处理块 3/4
2025-08-15 15:13:08,612 - WARNING - 向量维度不正确: 768
2025-08-15 15:13:08,613 - ERROR - 块 3 向量化失败
2025-08-15 15:13:08,613 - INFO - 处理块 4/4
2025-08-15 15:13:08,819 - WARNING - 向量维度不正确: 768
2025-08-15 15:13:08,819 - ERROR - 块 4 向量化失败
2025-08-15 15:13:08,820 - INFO - 文件处理完成: 0/4 块成功
2025-08-15 15:13:08,820 - INFO - 处理文件: docs\vue\index.vue.vm.md
2025-08-15 15:13:08,820 - INFO - 文件分为 11 个块
2025-08-15 15:13:08,820 - INFO - 处理块 1/11
2025-08-15 15:13:09,194 - WARNING - 向量维度不正确: 768
2025-08-15 15:13:09,194 - ERROR - 块 1 向量化失败
2025-08-15 15:13:09,194 - INFO - 处理块 2/11
2025-08-15 15:13:09,446 - WARNING - 向量维度不正确: 768
2025-08-15 15:13:09,446 - ERROR - 块 2 向量化失败
2025-08-15 15:13:09,447 - INFO - 处理块 3/11
2025-08-15 15:13:09,663 - WARNING - 向量维度不正确: 768
2025-08-15 15:13:09,663 - ERROR - 块 3 向量化失败
2025-08-15 15:13:09,663 - INFO - 处理块 4/11
2025-08-15 15:13:09,840 - WARNING - 向量维度不正确: 768
2025-08-15 15:13:09,840 - ERROR - 块 4 向量化失败
2025-08-15 15:13:09,840 - INFO - 处理块 5/11
2025-08-15 15:13:10,052 - WARNING - 向量维度不正确: 768
2025-08-15 15:13:10,053 - ERROR - 块 5 向量化失败
2025-08-15 15:13:10,053 - INFO - 处理块 6/11
2025-08-15 15:13:10,229 - WARNING - 向量维度不正确: 768
2025-08-15 15:13:10,230 - ERROR - 块 6 向量化失败
2025-08-15 15:13:10,230 - INFO - 处理块 7/11
2025-08-15 15:13:10,412 - WARNING - 向量维度不正确: 768
2025-08-15 15:13:10,413 - ERROR - 块 7 向量化失败
2025-08-15 15:13:10,413 - INFO - 处理块 8/11
2025-08-15 15:13:10,672 - WARNING - 向量维度不正确: 768
2025-08-15 15:13:10,672 - ERROR - 块 8 向量化失败
2025-08-15 15:13:10,672 - INFO - 处理块 9/11
2025-08-15 15:13:10,890 - WARNING - 向量维度不正确: 768
2025-08-15 15:13:10,890 - ERROR - 块 9 向量化失败
2025-08-15 15:13:10,890 - INFO - 处理块 10/11
2025-08-15 15:13:11,202 - WARNING - 向量维度不正确: 768
2025-08-15 15:13:11,202 - ERROR - 块 10 向量化失败
2025-08-15 15:13:11,202 - INFO - 处理块 11/11
2025-08-15 15:13:11,371 - WARNING - 向量维度不正确: 768
2025-08-15 15:13:11,371 - ERROR - 块 11 向量化失败
2025-08-15 15:13:11,372 - INFO - 文件处理完成: 0/11 块成功
2025-08-15 15:13:11,372 - INFO - 处理文件: docs\xml\mapper.xml.vm.md
2025-08-15 15:13:11,372 - INFO - 文件分为 13 个块
2025-08-15 15:13:11,373 - INFO - 处理块 1/13
2025-08-15 15:13:11,738 - WARNING - 向量维度不正确: 768
2025-08-15 15:13:11,738 - ERROR - 块 1 向量化失败
2025-08-15 15:13:11,739 - INFO - 处理块 2/13
2025-08-15 15:13:11,993 - WARNING - 向量维度不正确: 768
2025-08-15 15:13:11,994 - ERROR - 块 2 向量化失败
2025-08-15 15:13:11,994 - INFO - 处理块 3/13
2025-08-15 15:13:12,166 - WARNING - 向量维度不正确: 768
2025-08-15 15:13:12,167 - ERROR - 块 3 向量化失败
2025-08-15 15:13:12,168 - INFO - 处理块 4/13
2025-08-15 15:13:12,328 - WARNING - 向量维度不正确: 768
2025-08-15 15:13:12,328 - ERROR - 块 4 向量化失败
2025-08-15 15:13:12,328 - INFO - 处理块 5/13
2025-08-15 15:13:12,505 - WARNING - 向量维度不正确: 768
2025-08-15 15:13:12,505 - ERROR - 块 5 向量化失败
2025-08-15 15:13:12,505 - INFO - 处理块 6/13
2025-08-15 15:13:12,676 - WARNING - 向量维度不正确: 768
2025-08-15 15:13:12,676 - ERROR - 块 6 向量化失败
2025-08-15 15:13:12,676 - INFO - 处理块 7/13
2025-08-15 15:13:12,889 - WARNING - 向量维度不正确: 768
2025-08-15 15:13:12,889 - ERROR - 块 7 向量化失败
2025-08-15 15:13:12,889 - INFO - 处理块 8/13
2025-08-15 15:13:13,125 - WARNING - 向量维度不正确: 768
2025-08-15 15:13:13,126 - ERROR - 块 8 向量化失败
2025-08-15 15:13:13,126 - INFO - 处理块 9/13
2025-08-15 15:13:13,442 - WARNING - 向量维度不正确: 768
2025-08-15 15:13:13,443 - ERROR - 块 9 向量化失败
2025-08-15 15:13:13,443 - INFO - 处理块 10/13
2025-08-15 15:13:13,723 - WARNING - 向量维度不正确: 768
2025-08-15 15:13:13,723 - ERROR - 块 10 向量化失败
2025-08-15 15:13:13,723 - INFO - 处理块 11/13
2025-08-15 15:13:14,102 - WARNING - 向量维度不正确: 768
2025-08-15 15:13:14,103 - ERROR - 块 11 向量化失败
2025-08-15 15:13:14,103 - INFO - 处理块 12/13
2025-08-15 15:13:14,319 - WARNING - 向量维度不正确: 768
2025-08-15 15:13:14,320 - ERROR - 块 12 向量化失败
2025-08-15 15:13:14,320 - INFO - 处理块 13/13
2025-08-15 15:13:14,485 - WARNING - 向量维度不正确: 768
2025-08-15 15:13:14,486 - ERROR - 块 13 向量化失败
2025-08-15 15:13:14,486 - INFO - 文件处理完成: 0/13 块成功
2025-08-15 15:13:14,486 - INFO - 处理文件: docs\vue\v3\Form.vue.vm.md
2025-08-15 15:13:14,487 - INFO - 文件分为 7 个块
2025-08-15 15:13:14,487 - INFO - 处理块 1/7
2025-08-15 15:13:14,760 - WARNING - 向量维度不正确: 768
2025-08-15 15:13:14,761 - ERROR - 块 1 向量化失败
2025-08-15 15:13:14,761 - INFO - 处理块 2/7
2025-08-15 15:13:15,017 - WARNING - 向量维度不正确: 768
2025-08-15 15:13:15,018 - ERROR - 块 2 向量化失败
2025-08-15 15:13:15,018 - INFO - 处理块 3/7
2025-08-15 15:13:15,278 - WARNING - 向量维度不正确: 768
2025-08-15 15:13:15,278 - ERROR - 块 3 向量化失败
2025-08-15 15:13:15,278 - INFO - 处理块 4/7
2025-08-15 15:13:15,539 - WARNING - 向量维度不正确: 768
2025-08-15 15:13:15,539 - ERROR - 块 4 向量化失败
2025-08-15 15:13:15,540 - INFO - 处理块 5/7
2025-08-15 15:13:15,764 - WARNING - 向量维度不正确: 768
2025-08-15 15:13:15,765 - ERROR - 块 5 向量化失败
2025-08-15 15:13:15,765 - INFO - 处理块 6/7
2025-08-15 15:13:15,994 - WARNING - 向量维度不正确: 768
2025-08-15 15:13:15,994 - ERROR - 块 6 向量化失败
2025-08-15 15:13:15,995 - INFO - 处理块 7/7
2025-08-15 15:13:16,041 - WARNING - 向量维度不正确: 768
2025-08-15 15:13:16,042 - ERROR - 块 7 向量化失败
2025-08-15 15:13:16,042 - INFO - 文件处理完成: 0/7 块成功
2025-08-15 15:13:16,042 - INFO - 处理文件: docs\vue\v3\index-tree.vue.vm.md
2025-08-15 15:13:16,042 - INFO - 文件分为 8 个块
2025-08-15 15:13:16,043 - INFO - 处理块 1/8
2025-08-15 15:13:16,351 - WARNING - 向量维度不正确: 768
2025-08-15 15:13:16,352 - ERROR - 块 1 向量化失败
2025-08-15 15:13:16,352 - INFO - 处理块 2/8
2025-08-15 15:13:16,623 - WARNING - 向量维度不正确: 768
2025-08-15 15:13:16,624 - ERROR - 块 2 向量化失败
2025-08-15 15:13:16,624 - INFO - 处理块 3/8
2025-08-15 15:13:16,898 - WARNING - 向量维度不正确: 768
2025-08-15 15:13:16,899 - ERROR - 块 3 向量化失败
2025-08-15 15:13:16,899 - INFO - 处理块 4/8
2025-08-15 15:13:17,150 - WARNING - 向量维度不正确: 768
2025-08-15 15:13:17,151 - ERROR - 块 4 向量化失败
2025-08-15 15:13:17,151 - INFO - 处理块 5/8
2025-08-15 15:13:17,402 - WARNING - 向量维度不正确: 768
2025-08-15 15:13:17,403 - ERROR - 块 5 向量化失败
2025-08-15 15:13:17,403 - INFO - 处理块 6/8
2025-08-15 15:13:17,635 - WARNING - 向量维度不正确: 768
2025-08-15 15:13:17,636 - ERROR - 块 6 向量化失败
2025-08-15 15:13:17,636 - INFO - 处理块 7/8
2025-08-15 15:13:17,840 - WARNING - 向量维度不正确: 768
2025-08-15 15:13:17,841 - ERROR - 块 7 向量化失败
2025-08-15 15:13:17,841 - INFO - 处理块 8/8
2025-08-15 15:13:17,872 - WARNING - 向量维度不正确: 768
2025-08-15 15:13:17,873 - ERROR - 块 8 向量化失败
2025-08-15 15:13:17,873 - INFO - 文件处理完成: 0/8 块成功
2025-08-15 15:13:17,874 - INFO - 处理文件: docs\vue\v3\index.vue.vm.md
2025-08-15 15:13:17,874 - INFO - 文件分为 5 个块
2025-08-15 15:13:17,874 - INFO - 处理块 1/5
2025-08-15 15:13:18,133 - WARNING - 向量维度不正确: 768
2025-08-15 15:13:18,134 - ERROR - 块 1 向量化失败
2025-08-15 15:13:18,134 - INFO - 处理块 2/5
2025-08-15 15:13:18,431 - WARNING - 向量维度不正确: 768
2025-08-15 15:13:18,431 - ERROR - 块 2 向量化失败
2025-08-15 15:13:18,432 - INFO - 处理块 3/5
2025-08-15 15:13:18,693 - WARNING - 向量维度不正确: 768
2025-08-15 15:13:18,693 - ERROR - 块 3 向量化失败
2025-08-15 15:13:18,693 - INFO - 处理块 4/5
2025-08-15 15:13:18,969 - WARNING - 向量维度不正确: 768
2025-08-15 15:13:18,969 - ERROR - 块 4 向量化失败
2025-08-15 15:13:18,970 - INFO - 处理块 5/5
2025-08-15 15:13:19,172 - WARNING - 向量维度不正确: 768
2025-08-15 15:13:19,172 - ERROR - 块 5 向量化失败
2025-08-15 15:13:19,172 - INFO - 文件处理完成: 0/5 块成功
2025-08-15 15:13:19,173 - INFO - 处理完成: 0/14 个文件成功
2025-08-15 15:13:19,173 - INFO - 数据库连接已关闭
2025-08-15 15:13:19,173 - ERROR - 文档向量化处理失败
2025-08-15 15:13:46,789 - INFO - 开始文档向量化处理
2025-08-15 15:13:46,811 - INFO - 数据库连接成功
2025-08-15 15:13:46,812 - INFO - 找到 14 个文档文件
2025-08-15 15:13:46,813 - INFO - 处理文件: docs\java\controller.java.vm.md
2025-08-15 15:13:46,813 - INFO - 文件分为 12 个块
2025-08-15 15:13:46,813 - INFO - 处理块 1/12
2025-08-15 15:13:47,489 - ERROR - 保存向量失败: expected 1536 dimensions, not 768
2025-08-15 15:13:47,489 - INFO - 处理块 2/12
2025-08-15 15:13:47,757 - ERROR - 保存向量失败: expected 1536 dimensions, not 768
2025-08-15 15:13:47,757 - INFO - 处理块 3/12
2025-08-15 15:13:47,964 - ERROR - 保存向量失败: expected 1536 dimensions, not 768
2025-08-15 15:13:47,965 - INFO - 处理块 4/12
2025-08-15 15:13:48,193 - ERROR - 保存向量失败: expected 1536 dimensions, not 768
2025-08-15 15:13:48,194 - INFO - 处理块 5/12
2025-08-15 15:13:48,417 - ERROR - 保存向量失败: expected 1536 dimensions, not 768
2025-08-15 15:13:48,418 - INFO - 处理块 6/12
2025-08-15 15:13:48,634 - ERROR - 保存向量失败: expected 1536 dimensions, not 768
2025-08-15 15:13:48,634 - INFO - 处理块 7/12
2025-08-15 15:13:48,834 - ERROR - 保存向量失败: expected 1536 dimensions, not 768
2025-08-15 15:13:48,834 - INFO - 处理块 8/12
2025-08-15 15:13:49,059 - ERROR - 保存向量失败: expected 1536 dimensions, not 768
2025-08-15 15:13:49,059 - INFO - 处理块 9/12
2025-08-15 15:13:49,269 - ERROR - 保存向量失败: expected 1536 dimensions, not 768
2025-08-15 15:13:49,270 - INFO - 处理块 10/12
2025-08-15 15:13:49,495 - ERROR - 保存向量失败: expected 1536 dimensions, not 768
2025-08-15 15:13:49,496 - INFO - 处理块 11/12
2025-08-15 15:13:49,770 - ERROR - 保存向量失败: expected 1536 dimensions, not 768
2025-08-15 15:13:49,770 - INFO - 处理块 12/12
2025-08-15 15:13:50,003 - ERROR - 保存向量失败: expected 1536 dimensions, not 768
2025-08-15 15:13:50,003 - INFO - 文件处理完成: 0/12 块成功
2025-08-15 15:13:50,003 - INFO - 处理文件: docs\java\domain.java.vm.md
2025-08-15 15:13:50,004 - INFO - 文件分为 6 个块
2025-08-15 15:13:50,004 - INFO - 处理块 1/6
2025-08-15 15:13:50,373 - ERROR - 保存向量失败: expected 1536 dimensions, not 768
2025-08-15 15:13:50,374 - INFO - 处理块 2/6
2025-08-15 15:13:50,636 - ERROR - 保存向量失败: expected 1536 dimensions, not 768
2025-08-15 15:13:50,637 - INFO - 处理块 3/6
2025-08-15 15:13:50,862 - ERROR - 保存向量失败: expected 1536 dimensions, not 768
2025-08-15 15:13:50,863 - INFO - 处理块 4/6
2025-08-15 15:13:51,089 - ERROR - 保存向量失败: expected 1536 dimensions, not 768
2025-08-15 15:13:51,089 - INFO - 处理块 5/6
2025-08-15 15:13:51,353 - ERROR - 保存向量失败: expected 1536 dimensions, not 768
2025-08-15 15:13:51,353 - INFO - 处理块 6/6
2025-08-15 15:13:51,455 - ERROR - 保存向量失败: expected 1536 dimensions, not 768
2025-08-15 15:13:51,455 - INFO - 文件处理完成: 0/6 块成功
2025-08-15 15:13:51,455 - INFO - 处理文件: docs\java\mapper.java.vm.md
2025-08-15 15:13:51,456 - INFO - 文件分为 9 个块
2025-08-15 15:13:51,456 - INFO - 处理块 1/9
2025-08-15 15:13:51,822 - ERROR - 保存向量失败: expected 1536 dimensions, not 768
2025-08-15 15:13:51,823 - INFO - 处理块 2/9
2025-08-15 15:13:52,125 - ERROR - 保存向量失败: expected 1536 dimensions, not 768
2025-08-15 15:13:52,125 - INFO - 处理块 3/9
2025-08-15 15:13:52,417 - ERROR - 保存向量失败: expected 1536 dimensions, not 768
2025-08-15 15:13:52,417 - INFO - 处理块 4/9
2025-08-15 15:13:52,625 - ERROR - 保存向量失败: expected 1536 dimensions, not 768
2025-08-15 15:13:52,625 - INFO - 处理块 5/9
2025-08-15 15:13:52,832 - ERROR - 保存向量失败: expected 1536 dimensions, not 768
2025-08-15 15:13:52,833 - INFO - 处理块 6/9
2025-08-15 15:13:53,041 - ERROR - 保存向量失败: expected 1536 dimensions, not 768
2025-08-15 15:13:53,041 - INFO - 处理块 7/9
2025-08-15 15:13:53,305 - ERROR - 保存向量失败: expected 1536 dimensions, not 768
2025-08-15 15:13:53,306 - INFO - 处理块 8/9
2025-08-15 15:13:53,590 - ERROR - 保存向量失败: expected 1536 dimensions, not 768
2025-08-15 15:13:53,590 - INFO - 处理块 9/9
2025-08-15 15:13:53,795 - ERROR - 保存向量失败: expected 1536 dimensions, not 768
2025-08-15 15:13:53,796 - INFO - 文件处理完成: 0/9 块成功
2025-08-15 15:13:53,796 - INFO - 处理文件: docs\java\service.java.vm.md
2025-08-15 15:13:53,797 - INFO - 文件分为 7 个块
2025-08-15 15:13:53,797 - INFO - 处理块 1/7
2025-08-15 15:13:54,164 - ERROR - 保存向量失败: expected 1536 dimensions, not 768
2025-08-15 15:13:54,164 - INFO - 处理块 2/7
2025-08-15 15:13:54,524 - ERROR - 保存向量失败: expected 1536 dimensions, not 768
2025-08-15 15:13:54,525 - INFO - 处理块 3/7
2025-08-15 15:13:54,807 - ERROR - 保存向量失败: expected 1536 dimensions, not 768
2025-08-15 15:13:54,808 - INFO - 处理块 4/7
2025-08-15 15:13:55,042 - ERROR - 保存向量失败: expected 1536 dimensions, not 768
2025-08-15 15:13:55,042 - INFO - 处理块 5/7
2025-08-15 15:13:55,251 - ERROR - 保存向量失败: expected 1536 dimensions, not 768
2025-08-15 15:13:55,252 - INFO - 处理块 6/7
2025-08-15 15:13:55,635 - ERROR - 保存向量失败: expected 1536 dimensions, not 768
2025-08-15 15:13:55,635 - INFO - 处理块 7/7
2025-08-15 15:13:55,843 - ERROR - 保存向量失败: expected 1536 dimensions, not 768
2025-08-15 15:13:55,843 - INFO - 文件处理完成: 0/7 块成功
2025-08-15 15:13:55,843 - INFO - 处理文件: docs\java\serviceImpl.java.vm.md
2025-08-15 15:13:55,844 - INFO - 文件分为 17 个块
2025-08-15 15:13:55,844 - INFO - 处理块 1/17
2025-08-15 15:13:56,203 - ERROR - 保存向量失败: expected 1536 dimensions, not 768
2025-08-15 15:13:56,204 - INFO - 处理块 2/17
2025-08-15 15:13:56,514 - ERROR - 保存向量失败: expected 1536 dimensions, not 768
2025-08-15 15:13:56,514 - INFO - 处理块 3/17
2025-08-15 15:13:56,769 - ERROR - 保存向量失败: expected 1536 dimensions, not 768
2025-08-15 15:13:56,769 - INFO - 处理块 4/17
2025-08-15 15:13:57,035 - ERROR - 保存向量失败: expected 1536 dimensions, not 768
2025-08-15 15:13:57,035 - INFO - 处理块 5/17
2025-08-15 15:13:57,299 - ERROR - 保存向量失败: expected 1536 dimensions, not 768
2025-08-15 15:13:57,300 - INFO - 处理块 6/17
2025-08-15 15:13:57,505 - ERROR - 保存向量失败: expected 1536 dimensions, not 768
2025-08-15 15:13:57,506 - INFO - 处理块 7/17
2025-08-15 15:13:57,713 - ERROR - 保存向量失败: expected 1536 dimensions, not 768
2025-08-15 15:13:57,713 - INFO - 处理块 8/17
2025-08-15 15:13:57,930 - ERROR - 保存向量失败: expected 1536 dimensions, not 768
2025-08-15 15:13:57,930 - INFO - 处理块 9/17
2025-08-15 15:13:58,145 - ERROR - 保存向量失败: expected 1536 dimensions, not 768
2025-08-15 15:13:58,145 - INFO - 处理块 10/17
2025-08-15 15:13:58,362 - ERROR - 保存向量失败: expected 1536 dimensions, not 768
2025-08-15 15:13:58,362 - INFO - 处理块 11/17
2025-08-15 15:13:58,579 - ERROR - 保存向量失败: expected 1536 dimensions, not 768
2025-08-15 15:13:58,579 - INFO - 处理块 12/17
2025-08-15 15:13:58,795 - ERROR - 保存向量失败: expected 1536 dimensions, not 768
2025-08-15 15:13:58,796 - INFO - 处理块 13/17
2025-08-15 15:13:59,002 - ERROR - 保存向量失败: expected 1536 dimensions, not 768
2025-08-15 15:13:59,002 - INFO - 处理块 14/17
2025-08-15 15:13:59,266 - ERROR - 保存向量失败: expected 1536 dimensions, not 768
2025-08-15 15:13:59,266 - INFO - 处理块 15/17
2025-08-15 15:13:59,520 - ERROR - 保存向量失败: expected 1536 dimensions, not 768
2025-08-15 15:13:59,521 - INFO - 处理块 16/17
2025-08-15 15:13:59,803 - ERROR - 保存向量失败: expected 1536 dimensions, not 768
2025-08-15 15:13:59,803 - INFO - 处理块 17/17
2025-08-15 15:14:00,038 - ERROR - 保存向量失败: expected 1536 dimensions, not 768
2025-08-15 15:14:00,038 - INFO - 文件处理完成: 0/17 块成功
2025-08-15 15:14:00,038 - INFO - 处理文件: docs\java\sub-domain.java.vm.md
2025-08-15 15:14:00,039 - INFO - 文件分为 10 个块
2025-08-15 15:14:00,039 - INFO - 处理块 1/10
2025-08-15 15:14:00,405 - ERROR - 保存向量失败: expected 1536 dimensions, not 768
2025-08-15 15:14:00,405 - INFO - 处理块 2/10
2025-08-15 15:14:00,697 - ERROR - 保存向量失败: expected 1536 dimensions, not 768
2025-08-15 15:14:00,697 - INFO - 处理块 3/10
2025-08-15 15:14:00,951 - ERROR - 保存向量失败: expected 1536 dimensions, not 768
2025-08-15 15:14:00,951 - INFO - 处理块 4/10
2025-08-15 15:14:01,158 - ERROR - 保存向量失败: expected 1536 dimensions, not 768
2025-08-15 15:14:01,159 - INFO - 处理块 5/10
2025-08-15 15:14:01,385 - ERROR - 保存向量失败: expected 1536 dimensions, not 768
2025-08-15 15:14:01,385 - INFO - 处理块 6/10
2025-08-15 15:14:01,613 - ERROR - 保存向量失败: expected 1536 dimensions, not 768
2025-08-15 15:14:01,614 - INFO - 处理块 7/10
2025-08-15 15:14:01,829 - ERROR - 保存向量失败: expected 1536 dimensions, not 768
2025-08-15 15:14:01,829 - INFO - 处理块 8/10
2025-08-15 15:14:02,085 - ERROR - 保存向量失败: expected 1536 dimensions, not 768
2025-08-15 15:14:02,085 - INFO - 处理块 9/10
2025-08-15 15:14:02,518 - ERROR - 保存向量失败: expected 1536 dimensions, not 768
2025-08-15 15:14:02,518 - INFO - 处理块 10/10
2025-08-15 15:14:02,686 - ERROR - 保存向量失败: expected 1536 dimensions, not 768
2025-08-15 15:14:02,686 - INFO - 文件处理完成: 0/10 块成功
2025-08-15 15:14:02,686 - INFO - 处理文件: docs\js\api.js.vm.md
2025-08-15 15:14:02,686 - INFO - 文件分为 10 个块
2025-08-15 15:14:02,687 - INFO - 处理块 1/10
2025-08-15 15:14:03,054 - ERROR - 保存向量失败: expected 1536 dimensions, not 768
2025-08-15 15:14:03,055 - INFO - 处理块 2/10
2025-08-15 15:14:03,352 - ERROR - 保存向量失败: expected 1536 dimensions, not 768
2025-08-15 15:14:03,352 - INFO - 处理块 3/10
2025-08-15 15:14:03,580 - ERROR - 保存向量失败: expected 1536 dimensions, not 768
2025-08-15 15:14:03,580 - INFO - 处理块 4/10
2025-08-15 15:14:03,788 - ERROR - 保存向量失败: expected 1536 dimensions, not 768
2025-08-15 15:14:03,789 - INFO - 处理块 5/10
2025-08-15 15:14:03,993 - ERROR - 保存向量失败: expected 1536 dimensions, not 768
2025-08-15 15:14:03,993 - INFO - 处理块 6/10
2025-08-15 15:14:04,359 - ERROR - 保存向量失败: expected 1536 dimensions, not 768
2025-08-15 15:14:04,359 - INFO - 处理块 7/10
2025-08-15 15:14:04,607 - ERROR - 保存向量失败: expected 1536 dimensions, not 768
2025-08-15 15:14:04,607 - INFO - 处理块 8/10
2025-08-15 15:14:04,924 - ERROR - 保存向量失败: expected 1536 dimensions, not 768
2025-08-15 15:14:04,924 - INFO - 处理块 9/10
2025-08-15 15:14:05,132 - ERROR - 保存向量失败: expected 1536 dimensions, not 768
2025-08-15 15:14:05,133 - INFO - 处理块 10/10
2025-08-15 15:14:05,265 - ERROR - 保存向量失败: expected 1536 dimensions, not 768
2025-08-15 15:14:05,266 - INFO - 文件处理完成: 0/10 块成功
2025-08-15 15:14:05,266 - INFO - 处理文件: docs\sql\sql.vm.md
2025-08-15 15:14:05,267 - INFO - 文件分为 14 个块
2025-08-15 15:14:05,268 - INFO - 处理块 1/14
2025-08-15 15:14:05,632 - ERROR - 保存向量失败: expected 1536 dimensions, not 768
2025-08-15 15:14:05,633 - INFO - 处理块 2/14
2025-08-15 15:14:05,963 - ERROR - 保存向量失败: expected 1536 dimensions, not 768
2025-08-15 15:14:05,963 - INFO - 处理块 3/14
2025-08-15 15:14:06,216 - ERROR - 保存向量失败: expected 1536 dimensions, not 768
2025-08-15 15:14:06,217 - INFO - 处理块 4/14
2025-08-15 15:14:06,471 - ERROR - 保存向量失败: expected 1536 dimensions, not 768
2025-08-15 15:14:06,472 - INFO - 处理块 5/14
2025-08-15 15:14:06,735 - ERROR - 保存向量失败: expected 1536 dimensions, not 768
2025-08-15 15:14:06,735 - INFO - 处理块 6/14
2025-08-15 15:14:06,999 - ERROR - 保存向量失败: expected 1536 dimensions, not 768
2025-08-15 15:14:06,999 - INFO - 处理块 7/14
2025-08-15 15:14:07,270 - ERROR - 保存向量失败: expected 1536 dimensions, not 768
2025-08-15 15:14:07,271 - INFO - 处理块 8/14
2025-08-15 15:14:07,537 - ERROR - 保存向量失败: expected 1536 dimensions, not 768
2025-08-15 15:14:07,538 - INFO - 处理块 9/14
2025-08-15 15:14:07,857 - ERROR - 保存向量失败: expected 1536 dimensions, not 768
2025-08-15 15:14:07,858 - INFO - 处理块 10/14
2025-08-15 15:14:08,205 - ERROR - 保存向量失败: expected 1536 dimensions, not 768
2025-08-15 15:14:08,205 - INFO - 处理块 11/14
2025-08-15 15:14:08,566 - ERROR - 保存向量失败: expected 1536 dimensions, not 768
2025-08-15 15:14:08,567 - INFO - 处理块 12/14
2025-08-15 15:14:08,904 - ERROR - 保存向量失败: expected 1536 dimensions, not 768
2025-08-15 15:14:08,905 - INFO - 处理块 13/14
2025-08-15 15:14:09,158 - ERROR - 保存向量失败: expected 1536 dimensions, not 768
2025-08-15 15:14:09,158 - INFO - 处理块 14/14
2025-08-15 15:14:09,329 - ERROR - 保存向量失败: expected 1536 dimensions, not 768
2025-08-15 15:14:09,329 - INFO - 文件处理完成: 0/14 块成功
2025-08-15 15:14:09,329 - INFO - 处理文件: docs\vue\index-tree.vue.vm.md
2025-08-15 15:14:09,330 - INFO - 文件分为 4 个块
2025-08-15 15:14:09,330 - INFO - 处理块 1/4
2025-08-15 15:14:09,704 - ERROR - 保存向量失败: expected 1536 dimensions, not 768
2025-08-15 15:14:09,705 - INFO - 处理块 2/4
2025-08-15 15:14:10,036 - ERROR - 保存向量失败: expected 1536 dimensions, not 768
2025-08-15 15:14:10,036 - INFO - 处理块 3/4
2025-08-15 15:14:10,354 - ERROR - 保存向量失败: expected 1536 dimensions, not 768
2025-08-15 15:14:10,355 - INFO - 处理块 4/4
2025-08-15 15:14:10,611 - ERROR - 保存向量失败: expected 1536 dimensions, not 768
2025-08-15 15:14:10,612 - INFO - 文件处理完成: 0/4 块成功
2025-08-15 15:14:10,612 - INFO - 处理文件: docs\vue\index.vue.vm.md
2025-08-15 15:14:10,612 - INFO - 文件分为 11 个块
2025-08-15 15:14:10,613 - INFO - 处理块 1/11
2025-08-15 15:14:11,026 - ERROR - 保存向量失败: expected 1536 dimensions, not 768
2025-08-15 15:14:11,026 - INFO - 处理块 2/11
2025-08-15 15:14:11,309 - ERROR - 保存向量失败: expected 1536 dimensions, not 768
2025-08-15 15:14:11,309 - INFO - 处理块 3/11
2025-08-15 15:14:11,582 - ERROR - 保存向量失败: expected 1536 dimensions, not 768
2025-08-15 15:14:11,583 - INFO - 处理块 4/11
2025-08-15 15:14:11,790 - ERROR - 保存向量失败: expected 1536 dimensions, not 768
2025-08-15 15:14:11,790 - INFO - 处理块 5/11
2025-08-15 15:14:12,042 - ERROR - 保存向量失败: expected 1536 dimensions, not 768
2025-08-15 15:14:12,043 - INFO - 处理块 6/11
2025-08-15 15:14:12,259 - ERROR - 保存向量失败: expected 1536 dimensions, not 768
2025-08-15 15:14:12,259 - INFO - 处理块 7/11
2025-08-15 15:14:12,478 - ERROR - 保存向量失败: expected 1536 dimensions, not 768
2025-08-15 15:14:12,478 - INFO - 处理块 8/11
2025-08-15 15:14:12,808 - ERROR - 保存向量失败: expected 1536 dimensions, not 768
2025-08-15 15:14:12,809 - INFO - 处理块 9/11
2025-08-15 15:14:13,082 - ERROR - 保存向量失败: expected 1536 dimensions, not 768
2025-08-15 15:14:13,082 - INFO - 处理块 10/11
2025-08-15 15:14:13,438 - ERROR - 保存向量失败: expected 1536 dimensions, not 768
2025-08-15 15:14:13,438 - INFO - 处理块 11/11
2025-08-15 15:14:13,648 - ERROR - 保存向量失败: expected 1536 dimensions, not 768
2025-08-15 15:14:13,648 - INFO - 文件处理完成: 0/11 块成功
2025-08-15 15:14:13,648 - INFO - 处理文件: docs\xml\mapper.xml.vm.md
2025-08-15 15:14:13,649 - INFO - 文件分为 13 个块
2025-08-15 15:14:13,649 - INFO - 处理块 1/13
2025-08-15 15:14:14,071 - ERROR - 保存向量失败: expected 1536 dimensions, not 768
2025-08-15 15:14:14,071 - INFO - 处理块 2/13
2025-08-15 15:14:14,355 - ERROR - 保存向量失败: expected 1536 dimensions, not 768
2025-08-15 15:14:14,355 - INFO - 处理块 3/13
2025-08-15 15:14:14,582 - ERROR - 保存向量失败: expected 1536 dimensions, not 768
2025-08-15 15:14:14,582 - INFO - 处理块 4/13
2025-08-15 15:14:14,798 - ERROR - 保存向量失败: expected 1536 dimensions, not 768
2025-08-15 15:14:14,798 - INFO - 处理块 5/13
2025-08-15 15:14:15,027 - ERROR - 保存向量失败: expected 1536 dimensions, not 768
2025-08-15 15:14:15,028 - INFO - 处理块 6/13
2025-08-15 15:14:15,263 - ERROR - 保存向量失败: expected 1536 dimensions, not 768
2025-08-15 15:14:15,263 - INFO - 处理块 7/13
2025-08-15 15:14:15,526 - ERROR - 保存向量失败: expected 1536 dimensions, not 768
2025-08-15 15:14:15,527 - INFO - 处理块 8/13
2025-08-15 15:14:15,791 - ERROR - 保存向量失败: expected 1536 dimensions, not 768
2025-08-15 15:14:15,792 - INFO - 处理块 9/13
2025-08-15 15:14:16,161 - ERROR - 保存向量失败: expected 1536 dimensions, not 768
2025-08-15 15:14:16,161 - INFO - 处理块 10/13
2025-08-15 15:14:16,483 - ERROR - 保存向量失败: expected 1536 dimensions, not 768
2025-08-15 15:14:16,484 - INFO - 处理块 11/13
2025-08-15 15:14:16,906 - ERROR - 保存向量失败: expected 1536 dimensions, not 768
2025-08-15 15:14:16,906 - INFO - 处理块 12/13
2025-08-15 15:14:17,169 - ERROR - 保存向量失败: expected 1536 dimensions, not 768
2025-08-15 15:14:17,170 - INFO - 处理块 13/13
2025-08-15 15:14:17,388 - ERROR - 保存向量失败: expected 1536 dimensions, not 768
2025-08-15 15:14:17,388 - INFO - 文件处理完成: 0/13 块成功
2025-08-15 15:14:17,389 - INFO - 处理文件: docs\vue\v3\Form.vue.vm.md
2025-08-15 15:14:17,390 - INFO - 文件分为 7 个块
2025-08-15 15:14:17,390 - INFO - 处理块 1/7
2025-08-15 15:14:17,711 - ERROR - 保存向量失败: expected 1536 dimensions, not 768
2025-08-15 15:14:17,711 - INFO - 处理块 2/7
2025-08-15 15:14:18,015 - ERROR - 保存向量失败: expected 1536 dimensions, not 768
2025-08-15 15:14:18,016 - INFO - 处理块 3/7
2025-08-15 15:14:18,324 - ERROR - 保存向量失败: expected 1536 dimensions, not 768
2025-08-15 15:14:18,325 - INFO - 处理块 4/7
2025-08-15 15:14:18,653 - ERROR - 保存向量失败: expected 1536 dimensions, not 768
2025-08-15 15:14:18,653 - INFO - 处理块 5/7
2025-08-15 15:14:18,910 - ERROR - 保存向量失败: expected 1536 dimensions, not 768
2025-08-15 15:14:18,911 - INFO - 处理块 6/7
2025-08-15 15:14:19,185 - ERROR - 保存向量失败: expected 1536 dimensions, not 768
2025-08-15 15:14:19,185 - INFO - 处理块 7/7
2025-08-15 15:14:19,279 - ERROR - 保存向量失败: expected 1536 dimensions, not 768
2025-08-15 15:14:19,279 - INFO - 文件处理完成: 0/7 块成功
2025-08-15 15:14:19,280 - INFO - 处理文件: docs\vue\v3\index-tree.vue.vm.md
2025-08-15 15:14:19,280 - INFO - 文件分为 8 个块
2025-08-15 15:14:19,280 - INFO - 处理块 1/8
2025-08-15 15:14:19,647 - ERROR - 保存向量失败: expected 1536 dimensions, not 768
2025-08-15 15:14:19,647 - INFO - 处理块 2/8
2025-08-15 15:14:19,950 - ERROR - 保存向量失败: expected 1536 dimensions, not 768
2025-08-15 15:14:19,950 - INFO - 处理块 3/8
2025-08-15 15:14:20,261 - ERROR - 保存向量失败: expected 1536 dimensions, not 768
2025-08-15 15:14:20,262 - INFO - 处理块 4/8
2025-08-15 15:14:20,564 - ERROR - 保存向量失败: expected 1536 dimensions, not 768
2025-08-15 15:14:20,565 - INFO - 处理块 5/8
2025-08-15 15:14:20,847 - ERROR - 保存向量失败: expected 1536 dimensions, not 768
2025-08-15 15:14:20,848 - INFO - 处理块 6/8
2025-08-15 15:14:21,131 - ERROR - 保存向量失败: expected 1536 dimensions, not 768
2025-08-15 15:14:21,132 - INFO - 处理块 7/8
2025-08-15 15:14:21,395 - ERROR - 保存向量失败: expected 1536 dimensions, not 768
2025-08-15 15:14:21,396 - INFO - 处理块 8/8
2025-08-15 15:14:21,462 - ERROR - 保存向量失败: expected 1536 dimensions, not 768
2025-08-15 15:14:21,462 - INFO - 文件处理完成: 0/8 块成功
2025-08-15 15:14:21,462 - INFO - 处理文件: docs\vue\v3\index.vue.vm.md
2025-08-15 15:14:21,463 - INFO - 文件分为 5 个块
2025-08-15 15:14:21,463 - INFO - 处理块 1/5
2025-08-15 15:14:21,802 - ERROR - 保存向量失败: expected 1536 dimensions, not 768
2025-08-15 15:14:21,802 - INFO - 处理块 2/5
2025-08-15 15:14:22,150 - ERROR - 保存向量失败: expected 1536 dimensions, not 768
2025-08-15 15:14:22,150 - INFO - 处理块 3/5
2025-08-15 15:14:22,473 - ERROR - 保存向量失败: expected 1536 dimensions, not 768
2025-08-15 15:14:22,473 - INFO - 处理块 4/5
2025-08-15 15:14:22,775 - ERROR - 保存向量失败: expected 1536 dimensions, not 768
2025-08-15 15:14:22,776 - INFO - 处理块 5/5
2025-08-15 15:14:23,051 - ERROR - 保存向量失败: expected 1536 dimensions, not 768
2025-08-15 15:14:23,052 - INFO - 文件处理完成: 0/5 块成功
2025-08-15 15:14:23,052 - INFO - 处理完成: 0/14 个文件成功
2025-08-15 15:14:23,053 - INFO - 数据库连接已关闭
2025-08-15 15:14:23,053 - ERROR - 文档向量化处理失败
2025-08-15 15:52:50,395 - INFO - 开始文档向量化处理
2025-08-15 15:52:50,421 - INFO - 数据库连接成功
2025-08-15 15:52:50,422 - INFO - 找到 14 个文档文件
2025-08-15 15:52:50,423 - INFO - 处理文件: docs\java\controller.java.vm.md
2025-08-15 15:52:50,423 - INFO - 文件分为 12 个块
2025-08-15 15:52:50,423 - INFO - 处理块 1/12
2025-08-15 15:52:52,784 - INFO - 向量保存成功: 7fb39a27...
2025-08-15 15:52:52,784 - INFO - 处理块 2/12
2025-08-15 15:52:54,414 - INFO - 向量保存成功: 8eee50fd...
2025-08-15 15:52:54,414 - INFO - 处理块 3/12
2025-08-15 15:52:55,419 - INFO - 向量保存成功: 6263896d...
2025-08-15 15:52:55,419 - INFO - 处理块 4/12
2025-08-15 15:52:56,516 - INFO - 向量保存成功: e661260c...
2025-08-15 15:52:56,516 - INFO - 处理块 5/12
2025-08-15 15:52:57,644 - INFO - 向量保存成功: accfdff3...
2025-08-15 15:52:57,644 - INFO - 处理块 6/12
2025-08-15 15:52:58,764 - INFO - 向量保存成功: 667476d2...
2025-08-15 15:52:58,764 - INFO - 处理块 7/12
2025-08-15 15:52:59,775 - INFO - 向量保存成功: 5e35f102...
2025-08-15 15:52:59,776 - INFO - 处理块 8/12
2025-08-15 15:53:00,872 - INFO - 向量保存成功: 60415d5d...
2025-08-15 15:53:00,872 - INFO - 处理块 9/12
2025-08-15 15:53:01,988 - INFO - 向量保存成功: 61a3dc1d...
2025-08-15 15:53:01,988 - INFO - 处理块 10/12
2025-08-15 15:53:03,111 - INFO - 向量保存成功: bc357db1...
2025-08-15 15:53:03,112 - INFO - 处理块 11/12
2025-08-15 15:53:04,769 - INFO - 向量保存成功: 7717b7ee...
2025-08-15 15:53:04,769 - INFO - 处理块 12/12
2025-08-15 15:53:05,966 - INFO - 向量保存成功: db366a82...
2025-08-15 15:53:05,966 - INFO - 文件处理完成: 12/12 块成功
2025-08-15 15:53:05,966 - INFO - 处理文件: docs\java\domain.java.vm.md
2025-08-15 15:53:05,967 - INFO - 文件分为 6 个块
2025-08-15 15:53:05,967 - INFO - 处理块 1/6
2025-08-15 15:53:08,212 - INFO - 向量保存成功: 836d36e2...
2025-08-15 15:53:08,213 - INFO - 处理块 2/6
2025-08-15 15:53:09,859 - INFO - 向量保存成功: 73f9c4a4...
2025-08-15 15:53:09,859 - INFO - 处理块 3/6
2025-08-15 15:53:11,565 - INFO - 向量保存成功: 61ad8cb7...
2025-08-15 15:53:11,565 - INFO - 处理块 4/6
2025-08-15 15:53:12,729 - INFO - 向量保存成功: 17dd92a6...
2025-08-15 15:53:12,729 - INFO - 处理块 5/6
2025-08-15 15:53:14,390 - INFO - 向量保存成功: f39ab2ef...
2025-08-15 15:53:14,390 - INFO - 处理块 6/6
2025-08-15 15:53:14,965 - INFO - 向量保存成功: c2ade381...
2025-08-15 15:53:14,965 - INFO - 文件处理完成: 6/6 块成功
2025-08-15 15:53:14,965 - INFO - 处理文件: docs\java\mapper.java.vm.md
2025-08-15 15:53:14,966 - INFO - 文件分为 9 个块
2025-08-15 15:53:14,966 - INFO - 处理块 1/9
2025-08-15 15:53:17,162 - INFO - 向量保存成功: e1231db5...
2025-08-15 15:53:17,163 - INFO - 处理块 2/9
2025-08-15 15:53:19,347 - INFO - 向量保存成功: 5e01f132...
2025-08-15 15:53:19,347 - INFO - 处理块 3/9
2025-08-15 15:53:21,016 - INFO - 向量保存成功: 5dfce910...
2025-08-15 15:53:21,016 - INFO - 处理块 4/9
2025-08-15 15:53:22,667 - INFO - 向量保存成功: 030bc08f...
2025-08-15 15:53:22,667 - INFO - 处理块 5/9
2025-08-15 15:53:24,345 - INFO - 向量保存成功: ea93dab3...
2025-08-15 15:53:24,346 - INFO - 处理块 6/9
2025-08-15 15:53:25,984 - INFO - 向量保存成功: 4a21ba44...
2025-08-15 15:53:25,985 - INFO - 处理块 7/9
2025-08-15 15:53:27,650 - INFO - 向量保存成功: 6e2aeb3f...
2025-08-15 15:53:27,650 - INFO - 处理块 8/9
2025-08-15 15:53:29,330 - INFO - 向量保存成功: 739b2366...
2025-08-15 15:53:29,330 - INFO - 处理块 9/9
2025-08-15 15:53:30,501 - INFO - 向量保存成功: fb5f2f38...
2025-08-15 15:53:30,501 - INFO - 文件处理完成: 9/9 块成功
2025-08-15 15:53:30,501 - INFO - 处理文件: docs\java\service.java.vm.md
2025-08-15 15:53:30,502 - INFO - 文件分为 7 个块
2025-08-15 15:53:30,502 - INFO - 处理块 1/7
2025-08-15 15:53:32,691 - INFO - 向量保存成功: 41ea47ef...
2025-08-15 15:53:32,692 - INFO - 处理块 2/7
2025-08-15 15:53:34,843 - INFO - 向量保存成功: a996bf26...
2025-08-15 15:53:34,843 - INFO - 处理块 3/7
2025-08-15 15:53:36,499 - INFO - 向量保存成功: 666e933a...
2025-08-15 15:53:36,499 - INFO - 处理块 4/7
2025-08-15 15:53:38,130 - INFO - 向量保存成功: 76c0161f...
2025-08-15 15:53:38,130 - INFO - 处理块 5/7
2025-08-15 15:53:39,752 - INFO - 向量保存成功: 316c9c8d...
2025-08-15 15:53:39,753 - INFO - 处理块 6/7
2025-08-15 15:53:41,906 - INFO - 向量保存成功: d4e8c06d...
2025-08-15 15:53:41,906 - INFO - 处理块 7/7
2025-08-15 15:53:43,001 - INFO - 向量保存成功: 107b278f...
2025-08-15 15:53:43,001 - INFO - 文件处理完成: 7/7 块成功
2025-08-15 15:53:43,002 - INFO - 处理文件: docs\java\serviceImpl.java.vm.md
2025-08-15 15:53:43,002 - INFO - 文件分为 17 个块
2025-08-15 15:53:43,002 - INFO - 处理块 1/17
2025-08-15 15:53:45,140 - INFO - 向量保存成功: 39d6dee9...
2025-08-15 15:53:45,140 - INFO - 处理块 2/17
2025-08-15 15:53:47,306 - INFO - 向量保存成功: 3d28ba71...
2025-08-15 15:53:47,306 - INFO - 处理块 3/17
2025-08-15 15:53:48,945 - INFO - 向量保存成功: 59ec3dda...
2025-08-15 15:53:48,946 - INFO - 处理块 4/17
2025-08-15 15:53:50,551 - INFO - 向量保存成功: 4e31fd85...
2025-08-15 15:53:50,551 - INFO - 处理块 5/17
2025-08-15 15:53:52,164 - INFO - 向量保存成功: 85d05849...
2025-08-15 15:53:52,164 - INFO - 处理块 6/17
2025-08-15 15:53:53,265 - INFO - 向量保存成功: 8e169a1a...
2025-08-15 15:53:53,265 - INFO - 处理块 7/17
2025-08-15 15:53:54,869 - INFO - 向量保存成功: f3e11826...
2025-08-15 15:53:54,870 - INFO - 处理块 8/17
2025-08-15 15:53:56,470 - INFO - 向量保存成功: d80e8e74...
2025-08-15 15:53:56,471 - INFO - 处理块 9/17
2025-08-15 15:53:57,568 - INFO - 向量保存成功: 13beb127...
2025-08-15 15:53:57,568 - INFO - 处理块 10/17
2025-08-15 15:53:58,679 - INFO - 向量保存成功: 93482d7e...
2025-08-15 15:53:58,680 - INFO - 处理块 11/17
2025-08-15 15:53:59,798 - INFO - 向量保存成功: 9f291814...
2025-08-15 15:53:59,799 - INFO - 处理块 12/17
2025-08-15 15:54:00,894 - INFO - 向量保存成功: 2c70f044...
2025-08-15 15:54:00,894 - INFO - 处理块 13/17
2025-08-15 15:54:02,497 - INFO - 向量保存成功: d33f9fb5...
2025-08-15 15:54:02,497 - INFO - 处理块 14/17
2025-08-15 15:54:03,610 - INFO - 向量保存成功: be7dcd1d...
2025-08-15 15:54:03,610 - INFO - 处理块 15/17
2025-08-15 15:54:05,211 - INFO - 向量保存成功: 549a9392...
2025-08-15 15:54:05,211 - INFO - 处理块 16/17
2025-08-15 15:54:06,857 - INFO - 向量保存成功: 4f57376a...
2025-08-15 15:54:06,858 - INFO - 处理块 17/17
2025-08-15 15:54:07,943 - INFO - 向量保存成功: 864c8b05...
2025-08-15 15:54:07,944 - INFO - 文件处理完成: 17/17 块成功
2025-08-15 15:54:07,944 - INFO - 处理文件: docs\java\sub-domain.java.vm.md
2025-08-15 15:54:07,945 - INFO - 文件分为 10 个块
2025-08-15 15:54:07,945 - INFO - 处理块 1/10
2025-08-15 15:54:10,091 - INFO - 向量保存成功: 1bd925ad...
2025-08-15 15:54:10,091 - INFO - 处理块 2/10
2025-08-15 15:54:12,240 - INFO - 向量保存成功: e1801cb0...
2025-08-15 15:54:12,240 - INFO - 处理块 3/10
2025-08-15 15:54:13,854 - INFO - 向量保存成功: e5183e10...
2025-08-15 15:54:13,854 - INFO - 处理块 4/10
2025-08-15 15:54:15,503 - INFO - 向量保存成功: c4acc424...
2025-08-15 15:54:15,503 - INFO - 处理块 5/10
2025-08-15 15:54:16,606 - INFO - 向量保存成功: 944bd4ba...
2025-08-15 15:54:16,606 - INFO - 处理块 6/10
2025-08-15 15:54:17,734 - INFO - 向量保存成功: 51d892cd...
2025-08-15 15:54:17,735 - INFO - 处理块 7/10
2025-08-15 15:54:19,374 - INFO - 向量保存成功: 34f2f123...
2025-08-15 15:54:19,374 - INFO - 处理块 8/10
2025-08-15 15:54:20,999 - INFO - 向量保存成功: 6ba2bf6f...
2025-08-15 15:54:20,999 - INFO - 处理块 9/10
2025-08-15 15:54:23,676 - INFO - 向量保存成功: 07531249...
2025-08-15 15:54:23,676 - INFO - 处理块 10/10
2025-08-15 15:54:24,676 - INFO - 向量保存成功: aff51cb5...
2025-08-15 15:54:24,676 - INFO - 文件处理完成: 10/10 块成功
2025-08-15 15:54:24,676 - INFO - 处理文件: docs\js\api.js.vm.md
2025-08-15 15:54:24,677 - INFO - 文件分为 10 个块
2025-08-15 15:54:24,677 - INFO - 处理块 1/10
2025-08-15 15:54:26,881 - INFO - 向量保存成功: 81ea1889...
2025-08-15 15:54:26,881 - INFO - 处理块 2/10
2025-08-15 15:54:29,110 - INFO - 向量保存成功: fefb0bf3...
2025-08-15 15:54:29,110 - INFO - 处理块 3/10
2025-08-15 15:54:30,774 - INFO - 向量保存成功: 87090ff9...
2025-08-15 15:54:30,774 - INFO - 处理块 4/10
2025-08-15 15:54:31,900 - INFO - 向量保存成功: d970816b...
2025-08-15 15:54:31,900 - INFO - 处理块 5/10
2025-08-15 15:54:33,557 - INFO - 向量保存成功: f3e5a024...
2025-08-15 15:54:33,557 - INFO - 处理块 6/10
2025-08-15 15:54:35,859 - INFO - 向量保存成功: bce4b9b6...
2025-08-15 15:54:35,860 - INFO - 处理块 7/10
2025-08-15 15:54:37,562 - INFO - 向量保存成功: 8d1e9712...
2025-08-15 15:54:37,562 - INFO - 处理块 8/10
2025-08-15 15:54:39,801 - INFO - 向量保存成功: 8fadec3b...
2025-08-15 15:54:39,801 - INFO - 处理块 9/10
2025-08-15 15:54:41,411 - INFO - 向量保存成功: b45928f4...
2025-08-15 15:54:41,411 - INFO - 处理块 10/10
2025-08-15 15:54:41,987 - INFO - 向量保存成功: 2c2bb021...
2025-08-15 15:54:41,987 - INFO - 文件处理完成: 10/10 块成功
2025-08-15 15:54:41,987 - INFO - 处理文件: docs\sql\sql.vm.md
2025-08-15 15:54:41,988 - INFO - 文件分为 14 个块
2025-08-15 15:54:41,989 - INFO - 处理块 1/14
2025-08-15 15:54:44,211 - INFO - 向量保存成功: 0698b9f1...
2025-08-15 15:54:44,211 - INFO - 处理块 2/14
2025-08-15 15:54:46,501 - INFO - 向量保存成功: bbe2704d...
2025-08-15 15:54:46,501 - INFO - 处理块 3/14
2025-08-15 15:54:48,285 - INFO - 向量保存成功: f73720d8...
2025-08-15 15:54:48,285 - INFO - 处理块 4/14
2025-08-15 15:54:49,980 - INFO - 向量保存成功: d684d832...
2025-08-15 15:54:49,980 - INFO - 处理块 5/14
2025-08-15 15:54:51,678 - INFO - 向量保存成功: 352c8708...
2025-08-15 15:54:51,678 - INFO - 处理块 6/14
2025-08-15 15:54:53,380 - INFO - 向量保存成功: a13cde82...
2025-08-15 15:54:53,380 - INFO - 处理块 7/14
2025-08-15 15:54:55,068 - INFO - 向量保存成功: 96abd780...
2025-08-15 15:54:55,068 - INFO - 处理块 8/14
2025-08-15 15:54:56,746 - INFO - 向量保存成功: ab186f4b...
2025-08-15 15:54:56,747 - INFO - 处理块 9/14
2025-08-15 15:54:59,012 - INFO - 向量保存成功: 56717eb7...
2025-08-15 15:54:59,012 - INFO - 处理块 10/14
2025-08-15 15:55:01,292 - INFO - 向量保存成功: 43a305ca...
2025-08-15 15:55:01,292 - INFO - 处理块 11/14
2025-08-15 15:55:03,565 - INFO - 向量保存成功: 3f1e8613...
2025-08-15 15:55:03,566 - INFO - 处理块 12/14
2025-08-15 15:55:05,876 - INFO - 向量保存成功: 70147b1c...
2025-08-15 15:55:05,876 - INFO - 处理块 13/14
2025-08-15 15:55:07,626 - INFO - 向量保存成功: 92a3ac60...
2025-08-15 15:55:07,626 - INFO - 处理块 14/14
2025-08-15 15:55:08,299 - INFO - 向量保存成功: bd025125...
2025-08-15 15:55:08,299 - INFO - 文件处理完成: 14/14 块成功
2025-08-15 15:55:08,299 - INFO - 处理文件: docs\vue\index-tree.vue.vm.md
2025-08-15 15:55:08,300 - INFO - 文件分为 4 个块
2025-08-15 15:55:08,300 - INFO - 处理块 1/4
2025-08-15 15:55:10,781 - INFO - 向量保存成功: aa828f38...
2025-08-15 15:55:10,781 - INFO - 处理块 2/4
2025-08-15 15:55:13,392 - INFO - 向量保存成功: 51c4b942...
2025-08-15 15:55:13,392 - INFO - 处理块 3/4
2025-08-15 15:55:15,957 - INFO - 向量保存成功: 72621506...
2025-08-15 15:55:15,958 - INFO - 处理块 4/4
2025-08-15 15:55:17,670 - INFO - 向量保存成功: 26662446...
2025-08-15 15:55:17,671 - INFO - 文件处理完成: 4/4 块成功
2025-08-15 15:55:17,671 - INFO - 处理文件: docs\vue\index.vue.vm.md
2025-08-15 15:55:17,672 - INFO - 文件分为 11 个块
2025-08-15 15:55:17,672 - INFO - 处理块 1/11
2025-08-15 15:55:20,277 - INFO - 向量保存成功: d031f73d...
2025-08-15 15:55:20,278 - INFO - 处理块 2/11
2025-08-15 15:55:22,541 - INFO - 向量保存成功: 3ad8fab0...
2025-08-15 15:55:22,541 - INFO - 处理块 3/11
2025-08-15 15:55:24,226 - INFO - 向量保存成功: 97b3da35...
2025-08-15 15:55:24,226 - INFO - 处理块 4/11
2025-08-15 15:55:25,932 - INFO - 向量保存成功: 76cc723c...
2025-08-15 15:55:25,933 - INFO - 处理块 5/11
2025-08-15 15:55:27,665 - INFO - 向量保存成功: aaaa504f...
2025-08-15 15:55:27,665 - INFO - 处理块 6/11
2025-08-15 15:55:29,374 - INFO - 向量保存成功: 9b86dce5...
2025-08-15 15:55:29,374 - INFO - 处理块 7/11
2025-08-15 15:55:30,569 - INFO - 向量保存成功: 4ada4f70...
2025-08-15 15:55:30,569 - INFO - 处理块 8/11
2025-08-15 15:55:32,830 - INFO - 向量保存成功: db1c771d...
2025-08-15 15:55:32,830 - INFO - 处理块 9/11
2025-08-15 15:55:34,556 - INFO - 向量保存成功: 1396df70...
2025-08-15 15:55:34,557 - INFO - 处理块 10/11
2025-08-15 15:55:36,819 - INFO - 向量保存成功: c43852bd...
2025-08-15 15:55:36,820 - INFO - 处理块 11/11
2025-08-15 15:55:38,019 - INFO - 向量保存成功: e4d8fbba...
2025-08-15 15:55:38,019 - INFO - 文件处理完成: 11/11 块成功
2025-08-15 15:55:38,020 - INFO - 处理文件: docs\xml\mapper.xml.vm.md
2025-08-15 15:55:38,021 - INFO - 文件分为 13 个块
2025-08-15 15:55:38,023 - INFO - 处理块 1/13
